<?xml version="1.0" encoding="UTF-8"?>
<!-- Generated by org.testng.reporters.JUnitReportReporter -->
<testsuite hostname="SHIVAKUP4" name="ScenarioComponent.Scenario_Search" tests="2" failures="0" timestamp="29 Mar 2017 13:05:46 GMT" time="133.695" errors="0">
  <testcase name="testInvalidSearch" time="66.867" classname="ScenarioComponent.Scenario_Search"/>
  <testcase name="testInvalidSearch" time="66.828" classname="ScenarioComponent.Scenario_Search"/>
</testsuite> <!-- ScenarioComponent.Scenario_Search -->
