<?xml version="1.0" encoding="UTF-8"?>
<!-- Generated by org.testng.reporters.JUnitReportReporter -->
<testsuite hostname="SHIVAKUP4" name="ScenarioComponent.Scenario_Search" tests="2" failures="0" timestamp="2 Apr 2017 08:09:21 GMT" time="88.504" errors="0">
  <testcase name="testInvalidSearch" time="43.149" classname="ScenarioComponent.Scenario_Search"/>
  <testcase name="testInvalidSearch" time="45.355" classname="ScenarioComponent.Scenario_Search"/>
</testsuite> <!-- ScenarioComponent.Scenario_Search -->
