<?xml version="1.0" encoding="UTF-8"?>
<!-- Generated by org.testng.reporters.JUnitReportReporter -->
<testsuite hostname="SHIVAKUP4" name="ScenarioComponent.Scenario_Search" tests="2" failures="0" timestamp="2 Apr 2017 15:17:01 GMT" time="103.906" errors="0">
  <testcase name="testInvalidSearch" time="57.430" classname="ScenarioComponent.Scenario_Search"/>
  <testcase name="testInvalidSearch" time="46.476" classname="ScenarioComponent.Scenario_Search"/>
</testsuite> <!-- ScenarioComponent.Scenario_Search -->
